This is pdfTeX, Version 3.1415926-1.40.10 (MiKTeX 2.8) (preloaded format=latex 2012.9.17)  24 SEP 2012 15:18
entering extended mode
**Smallopenrisk_present.tex

("D:\Data\A9610251\My Documents\Jotta_sync_lenovo\Dropbox\Google Drive\Jobb\Kro
nikker\Target-Loans\Seminar\Smallopenrisk_present.tex"
LaTeX2e <2009/09/24>
Babel <v3.8l> and hyphenation patterns for english, dumylang, nohyphenation, ge
rman, ngerman, german-x-2009-06-19, ngerman-x-2009-06-19, french, bokmal, loade
d.

("C:\Documents and Settings\A9610251\Application Data\MiKTeX\2.8\tex\latex\beam
er\base\beamer.cls"
("C:\Documents and Settings\A9610251\Application Data\MiKTeX\2.8\tex\latex\beam
er\base\beamerbasercs.sty"
Package: beamerbasercs 2007/01/28 (rcs-revision 1.4)
)
Document Class: beamer 2007/03/11 cvs version 3.07 A class for typesetting pres
entations (rcs-revision 1.70)

("C:\Documents and Settings\A9610251\Application Data\MiKTeX\2.8\tex\latex\beam
er\base\beamerbasemodes.sty"
Package: beamerbasemodes 2007/01/28 (rcs-revision 1.22)
\beamer@tempbox=\box26
\beamer@tempcount=\count79
\c@beamerpauses=\count80

("C:\Documents and Settings\A9610251\Application Data\MiKTeX\2.8\tex\latex\beam
er\base\beamerbasedecode.sty"
Package: beamerbasedecode 2007/01/28 (rcs-revision 1.20)
\beamer@slideinframe=\count81
\beamer@minimum=\count82
)
\beamer@commentbox=\box27
\beamer@modecount=\count83
)
\headheight=\dimen102
\headdp=\dimen103
\footheight=\dimen104
\sidebarheight=\dimen105
\beamer@tempdim=\dimen106
\beamer@finalheight=\dimen107
\beamer@animht=\dimen108
\beamer@animdp=\dimen109
\beamer@animwd=\dimen110
\beamer@leftmargin=\dimen111
\beamer@rightmargin=\dimen112
\beamer@leftsidebar=\dimen113
\beamer@rightsidebar=\dimen114
\beamer@boxsize=\dimen115
\beamer@vboxoffset=\dimen116
\beamer@descdefault=\dimen117
\beamer@descriptionwidth=\dimen118
\beamer@lastskip=\skip41
\beamer@areabox=\box28
\beamer@animcurrent=\box29
\beamer@animshowbox=\box30
\beamer@sectionbox=\box31
\beamer@logobox=\box32
\beamer@linebox=\box33
\beamer@sectioncount=\count84
\beamer@subsubsectionmax=\count85
\beamer@subsectionmax=\count86
\beamer@sectionmax=\count87
\beamer@totalheads=\count88
\beamer@headcounter=\count89
\beamer@partstartpage=\count90
\beamer@sectionstartpage=\count91
\beamer@subsectionstartpage=\count92
\beamer@animationtempa=\count93
\beamer@animationtempb=\count94
\beamer@xpos=\count95
\beamer@ypos=\count96
\beamer@showpartnumber=\count97
\beamer@currentsubsection=\count98
\beamer@coveringdepth=\count99
\beamer@sectionadjust=\count100
\beamer@tocsectionnumber=\count101

("C:\Documents and Settings\A9610251\Application Data\MiKTeX\2.8\tex\latex\beam
er\base\beamerbaseoptions.sty"
Package: beamerbaseoptions 2007/01/28 (rcs-revision 1.8)

("C:\Program Files\MiKTeX 2.8\tex\latex\graphics\keyval.sty"
Package: keyval 1999/03/16 v1.13 key=value parser (DPC)
\KV@toks@=\toks14
))

Class beamer Warning: This option is obsolete. Use beamer option ``show notes''
 instead. on input line 300.


("C:\Documents and Settings\A9610251\Application Data\MiKTeX\2.8\tex\latex\pgf\
basiclayer\pgfcore.sty"
("C:\Program Files\MiKTeX 2.8\tex\latex\graphics\graphicx.sty"
Package: graphicx 1999/02/16 v1.0f Enhanced LaTeX Graphics (DPC,SPQR)

("C:\Program Files\MiKTeX 2.8\tex\latex\graphics\graphics.sty"
Package: graphics 2009/02/05 v1.0o Standard LaTeX Graphics (DPC,SPQR)

("C:\Program Files\MiKTeX 2.8\tex\latex\graphics\trig.sty"
Package: trig 1999/03/16 v1.09 sin cos tan (DPC)
)
("C:\Program Files\MiKTeX 2.8\tex\latex\00miktex\graphics.cfg"
File: graphics.cfg 2007/01/18 v1.5 graphics configuration of teTeX/TeXLive
)
Package graphics Info: Driver file: dvips.def on input line 91.

("C:\Program Files\MiKTeX 2.8\tex\latex\graphics\dvips.def"
File: dvips.def 1999/02/16 v3.0i Driver-dependant file (DPC,SPQR)
))
\Gin@req@height=\dimen119
\Gin@req@width=\dimen120
)
("C:\Documents and Settings\A9610251\Application Data\MiKTeX\2.8\tex\latex\pgf\
systemlayer\pgfsys.sty"
("C:\Documents and Settings\A9610251\Application Data\MiKTeX\2.8\tex\latex\pgf\
utilities\pgfrcs.sty"
("C:\Documents and Settings\A9610251\Application Data\MiKTeX\2.8\tex\generic\pg
f\utilities\pgfutil-common.tex"
\pgfutil@everybye=\toks15
)
("C:\Documents and Settings\A9610251\Application Data\MiKTeX\2.8\tex\generic\pg
f\utilities\pgfutil-latex.def")
("C:\Documents and Settings\A9610251\Application Data\MiKTeX\2.8\tex\generic\pg
f\utilities\pgfrcs.code.tex"
Package: pgfrcs 2008/02/20 v2.00 (rcs-revision 1.21)
))
("C:\Documents and Settings\A9610251\Application Data\MiKTeX\2.8\tex\generic\pg
f\systemlayer\pgfsys.code.tex"
Package: pgfsys 2008/02/07 v2.00 (rcs-revision 1.31)

("C:\Documents and Settings\A9610251\Application Data\MiKTeX\2.8\tex\generic\pg
f\utilities\pgfkeys.code.tex"
\pgfkeys@pathtoks=\toks16
\pgfkeys@temptoks=\toks17
)
\pgf@x=\dimen121
\pgf@y=\dimen122
\pgf@xa=\dimen123
\pgf@ya=\dimen124
\pgf@xb=\dimen125
\pgf@yb=\dimen126
\pgf@xc=\dimen127
\pgf@yc=\dimen128
\c@pgf@counta=\count102
\c@pgf@countb=\count103
\c@pgf@countc=\count104
\c@pgf@countd=\count105

("C:\Documents and Settings\A9610251\Application Data\MiKTeX\2.8\tex\generic\pg
f\systemlayer\pgf.cfg"
File: pgf.cfg 2008/01/13  (rcs-revision 1.6)
)
Package pgfsys Info: Driver file for pgf: pgfsys-dvips.def on input line 885.

("C:\Documents and Settings\A9610251\Application Data\MiKTeX\2.8\tex\generic\pg
f\systemlayer\pgfsys-dvips.def"
File: pgfsys-dvips.def 2007/12/12  (rcs-revision 1.19)

("C:\Documents and Settings\A9610251\Application Data\MiKTeX\2.8\tex\generic\pg
f\systemlayer\pgfsys-common-postscript.def"
File: pgfsys-common-postscript.def 2008/02/07  (rcs-revision 1.18)
\pgf@objectcount=\count106
)))
("C:\Documents and Settings\A9610251\Application Data\MiKTeX\2.8\tex\generic\pg
f\systemlayer\pgfsyssoftpath.code.tex"
File: pgfsyssoftpath.code.tex 2008/01/23  (rcs-revision 1.6)
\pgfsyssoftpath@smallbuffer@items=\count107
\pgfsyssoftpath@bigbuffer@items=\count108
)
("C:\Documents and Settings\A9610251\Application Data\MiKTeX\2.8\tex\generic\pg
f\systemlayer\pgfsysprotocol.code.tex"
File: pgfsysprotocol.code.tex 2006/10/16  (rcs-revision 1.4)
))
("C:\Documents and Settings\A9610251\Application Data\MiKTeX\2.8\tex\latex\xcol
or\xcolor.sty"
Package: xcolor 2007/01/21 v2.11 LaTeX color extensions (UK)
 ("C:\Program Files\MiKTeX 2.8\tex\latex\00miktex\color.cfg"
File: color.cfg 2007/01/18 v1.5 color configuration of teTeX/TeXLive
)
Package xcolor Info: Driver file: dvips.def on input line 225.
Package xcolor Info: Model `cmy' substituted by `cmy0' on input line 1337.
Package xcolor Info: Model `RGB' extended on input line 1353.
Package xcolor Info: Model `HTML' substituted by `rgb' on input line 1355.
Package xcolor Info: Model `Hsb' substituted by `hsb' on input line 1356.
Package xcolor Info: Model `tHsb' substituted by `hsb' on input line 1357.
Package xcolor Info: Model `HSB' substituted by `hsb' on input line 1358.
Package xcolor Info: Model `Gray' substituted by `gray' on input line 1359.
Package xcolor Info: Model `wave' substituted by `hsb' on input line 1360.
)
("C:\Documents and Settings\A9610251\Application Data\MiKTeX\2.8\tex\generic\pg
f\basiclayer\pgfcore.code.tex"
Package: pgfcore 2008/01/15 v2.00 (rcs-revision 1.6)

("C:\Documents and Settings\A9610251\Application Data\MiKTeX\2.8\tex\generic\pg
f\math\pgfmath.code.tex"
("C:\Documents and Settings\A9610251\Application Data\MiKTeX\2.8\tex\generic\pg
f\math\pgfmathcalc.code.tex"
("C:\Documents and Settings\A9610251\Application Data\MiKTeX\2.8\tex\generic\pg
f\math\pgfmathutil.code.tex"
\pgfmath@box=\box34
)
("C:\Documents and Settings\A9610251\Application Data\MiKTeX\2.8\tex\generic\pg
f\math\pgfmathparser.code.tex"
\pgfmath@stack=\toks18
\c@pgfmath@parsecounta=\count109
\c@pgfmath@parsecountb=\count110
\c@pgfmath@parsecountc=\count111
\pgfmath@parsex=\dimen129
)
("C:\Documents and Settings\A9610251\Application Data\MiKTeX\2.8\tex\generic\pg
f\math\pgfmathoperations.code.tex"
("C:\Documents and Settings\A9610251\Application Data\MiKTeX\2.8\tex\generic\pg
f\math\pgfmathtrig.code.tex")
("C:\Documents and Settings\A9610251\Application Data\MiKTeX\2.8\tex\generic\pg
f\math\pgfmathrnd.code.tex"))
("C:\Documents and Settings\A9610251\Application Data\MiKTeX\2.8\tex\generic\pg
f\math\pgfmathbase.code.tex")))
("C:\Documents and Settings\A9610251\Application Data\MiKTeX\2.8\tex\generic\pg
f\basiclayer\pgfcorepoints.code.tex"
File: pgfcorepoints.code.tex 2008/02/03  (rcs-revision 1.13)
\pgf@picminx=\dimen130
\pgf@picmaxx=\dimen131
\pgf@picminy=\dimen132
\pgf@picmaxy=\dimen133
\pgf@pathminx=\dimen134
\pgf@pathmaxx=\dimen135
\pgf@pathminy=\dimen136
\pgf@pathmaxy=\dimen137
\pgf@xx=\dimen138
\pgf@xy=\dimen139
\pgf@yx=\dimen140
\pgf@yy=\dimen141
\pgf@zx=\dimen142
\pgf@zy=\dimen143
)
("C:\Documents and Settings\A9610251\Application Data\MiKTeX\2.8\tex\generic\pg
f\basiclayer\pgfcorepathconstruct.code.tex"
File: pgfcorepathconstruct.code.tex 2008/02/13  (rcs-revision 1.14)
\pgf@path@lastx=\dimen144
\pgf@path@lasty=\dimen145
)
("C:\Documents and Settings\A9610251\Application Data\MiKTeX\2.8\tex\generic\pg
f\basiclayer\pgfcorepathusage.code.tex"
File: pgfcorepathusage.code.tex 2008/01/23  (rcs-revision 1.11)
\pgf@shorten@end@additional=\dimen146
\pgf@shorten@start@additional=\dimen147
)
("C:\Documents and Settings\A9610251\Application Data\MiKTeX\2.8\tex\generic\pg
f\basiclayer\pgfcorescopes.code.tex"
File: pgfcorescopes.code.tex 2008/01/15  (rcs-revision 1.26)
\pgfpic=\box35
\pgf@hbox=\box36
\pgf@layerbox@main=\box37
\pgf@picture@serial@count=\count112
)
("C:\Documents and Settings\A9610251\Application Data\MiKTeX\2.8\tex\generic\pg
f\basiclayer\pgfcoregraphicstate.code.tex"
File: pgfcoregraphicstate.code.tex 2007/12/12  (rcs-revision 1.8)
\pgflinewidth=\dimen148
)
("C:\Documents and Settings\A9610251\Application Data\MiKTeX\2.8\tex\generic\pg
f\basiclayer\pgfcoretransformations.code.tex"
File: pgfcoretransformations.code.tex 2008/02/04  (rcs-revision 1.10)
\pgf@pt@x=\dimen149
\pgf@pt@y=\dimen150
\pgf@pt@temp=\dimen151
)
("C:\Documents and Settings\A9610251\Application Data\MiKTeX\2.8\tex\generic\pg
f\basiclayer\pgfcorequick.code.tex"
File: pgfcorequick.code.tex 2006/10/11  (rcs-revision 1.2)
)
("C:\Documents and Settings\A9610251\Application Data\MiKTeX\2.8\tex\generic\pg
f\basiclayer\pgfcoreobjects.code.tex"
File: pgfcoreobjects.code.tex 2006/10/11  (rcs-revision 1.2)
)
("C:\Documents and Settings\A9610251\Application Data\MiKTeX\2.8\tex\generic\pg
f\basiclayer\pgfcorepathprocessing.code.tex"
File: pgfcorepathprocessing.code.tex 2008/01/23  (rcs-revision 1.7)
)
("C:\Documents and Settings\A9610251\Application Data\MiKTeX\2.8\tex\generic\pg
f\basiclayer\pgfcorearrows.code.tex"
File: pgfcorearrows.code.tex 2007/06/07  (rcs-revision 1.8)
)
("C:\Documents and Settings\A9610251\Application Data\MiKTeX\2.8\tex\generic\pg
f\basiclayer\pgfcoreshade.code.tex"
File: pgfcoreshade.code.tex 2007/12/10  (rcs-revision 1.9)
\pgf@max=\dimen152
\pgf@sys@shading@range@num=\count113
)
("C:\Documents and Settings\A9610251\Application Data\MiKTeX\2.8\tex\generic\pg
f\basiclayer\pgfcoreimage.code.tex"
File: pgfcoreimage.code.tex 2008/01/15  (rcs-revision 1.1)
\pgfexternal@startupbox=\box38
)
("C:\Documents and Settings\A9610251\Application Data\MiKTeX\2.8\tex\generic\pg
f\basiclayer\pgfcorelayers.code.tex"
File: pgfcorelayers.code.tex 2008/01/15  (rcs-revision 1.1)
)
("C:\Documents and Settings\A9610251\Application Data\MiKTeX\2.8\tex\generic\pg
f\basiclayer\pgfcoretransparency.code.tex"
File: pgfcoretransparency.code.tex 2008/01/17  (rcs-revision 1.2)
)
("C:\Documents and Settings\A9610251\Application Data\MiKTeX\2.8\tex\generic\pg
f\basiclayer\pgfcorepatterns.code.tex"
File: pgfcorepatterns.code.tex 2008/01/15  (rcs-revision 1.1)
)))
("C:\Documents and Settings\A9610251\Application Data\MiKTeX\2.8\tex\latex\pgf\
basiclayer\pgfbaseimage.sty"

Package pgf Warning: This package is obsolete and no longer needed on input lin
e 13.

)
("C:\Documents and Settings\A9610251\Application Data\MiKTeX\2.8\tex\latex\pgf\
utilities\xxcolor.sty"
Package: xxcolor 2003/10/24 ver 0.1
\XC@nummixins=\count114
\XC@countmixins=\count115
)
("C:\Program Files\MiKTeX 2.8\tex\latex\amsfonts\amssymb.sty"
Package: amssymb 2009/06/22 v3.00

("C:\Program Files\MiKTeX 2.8\tex\latex\amsfonts\amsfonts.sty"
Package: amsfonts 2009/06/22 v3.00 Basic AMSFonts support
\@emptytoks=\toks19
\symAMSa=\mathgroup4
\symAMSb=\mathgroup5
LaTeX Font Info:    Overwriting math alphabet `\mathfrak' in version `bold'
(Font)                  U/euf/m/n --> U/euf/b/n on input line 96.
))
("C:\Program Files\MiKTeX 2.8\tex\latex\geometry\geometry.sty"
Package: geometry 2008/12/21 v4.2 Page Geometry

("C:\Program Files\MiKTeX 2.8\tex\generic\oberdiek\ifpdf.sty"
Package: ifpdf 2009/04/10 v2.0 Provides the ifpdf switch (HO)
Package ifpdf Info: pdfTeX in pdf mode not detected.
)
("C:\Program Files\MiKTeX 2.8\tex\generic\oberdiek\ifvtex.sty"
Package: ifvtex 2008/11/04 v1.4 Switches for detecting VTeX and its modes (HO)
Package ifvtex Info: VTeX not detected.
)
\Gm@cnth=\count116
\Gm@cntv=\count117
\c@Gm@tempcnt=\count118
\Gm@bindingoffset=\dimen153
\Gm@wd@mp=\dimen154
\Gm@odd@mp=\dimen155
\Gm@even@mp=\dimen156
\Gm@dimlist=\toks20

("C:\Program Files\MiKTeX 2.8\tex\latex\geometry\geometry.cfg"))
("C:\Program Files\MiKTeX 2.8\tex\latex\hyperref\hyperref.sty"
Package: hyperref 2009/10/19 v6.79b Hypertext links for LaTeX

("C:\Program Files\MiKTeX 2.8\tex\latex\ifxetex\ifxetex.sty"
Package: ifxetex 2009/01/23 v0.5 Provides ifxetex conditional
)
("C:\Program Files\MiKTeX 2.8\tex\latex\oberdiek\hycolor.sty"
Package: hycolor 2009/10/02 v1.5 Code for color options of hyperref/bookmark (H
O)

("C:\Program Files\MiKTeX 2.8\tex\latex\oberdiek\xcolor-patch.sty"
Package: xcolor-patch 2009/10/02 xcolor patch
))
\@linkdim=\dimen157
\Hy@linkcounter=\count119
\Hy@pagecounter=\count120

("C:\Program Files\MiKTeX 2.8\tex\latex\hyperref\pd1enc.def"
File: pd1enc.def 2009/10/19 v6.79b Hyperref: PDFDocEncoding definition (HO)
)
("C:\Program Files\MiKTeX 2.8\tex\generic\oberdiek\etexcmds.sty"
Package: etexcmds 2007/12/12 v1.2 Prefix for e-TeX command names (HO)

("C:\Program Files\MiKTeX 2.8\tex\generic\oberdiek\infwarerr.sty"
Package: infwarerr 2007/09/09 v1.2 Providing info/warning/message (HO)
)
Package etexcmds Info: Could not find \expanded.
(etexcmds)             That can mean that you are not using pdfTeX 1.50 or
(etexcmds)             that some package has redefined \expanded.
(etexcmds)             In the latter case, load this package earlier.
)
("C:\Program Files\MiKTeX 2.8\tex\latex\00miktex\hyperref.cfg"
File: hyperref.cfg 2002/06/06 v1.2 hyperref configuration of TeXLive
)
("C:\Program Files\MiKTeX 2.8\tex\latex\oberdiek\kvoptions.sty"
Package: kvoptions 2009/08/13 v3.4 Keyval support for LaTeX options (HO)

("C:\Program Files\MiKTeX 2.8\tex\generic\oberdiek\kvsetkeys.sty"
Package: kvsetkeys 2009/07/30 v1.5 Key value parser with default handler suppor
t (HO)
))
Package hyperref Info: Option `bookmarks' set `true' on input line 2864.
Package hyperref Info: Option `bookmarksopen' set `true' on input line 2864.
Package hyperref Info: Option `implicit' set `false' on input line 2864.
Package hyperref Info: Hyper figures OFF on input line 2975.
Package hyperref Info: Link nesting OFF on input line 2980.
Package hyperref Info: Hyper index ON on input line 2983.
Package hyperref Info: Plain pages OFF on input line 2990.
Package hyperref Info: Backreferencing OFF on input line 2995.

Implicit mode OFF; no redefinition of LaTeX internals
Package hyperref Info: Bookmarks ON on input line 3191.
("C:\Program Files\MiKTeX 2.8\tex\latex\ltxmisc\url.sty"
\Urlmuskip=\muskip10
Package: url 2006/04/12  ver 3.3  Verb mode for urls, etc.
)
LaTeX Info: Redefining \url on input line 3428.

("C:\Program Files\MiKTeX 2.8\tex\generic\oberdiek\bitset.sty"
Package: bitset 2007/09/28 v1.0 Data type bit set (HO)

("C:\Program Files\MiKTeX 2.8\tex\generic\oberdiek\intcalc.sty"
Package: intcalc 2007/09/27 v1.1 Expandable integer calculations (HO)
)
("C:\Program Files\MiKTeX 2.8\tex\generic\oberdiek\bigintcalc.sty"
Package: bigintcalc 2007/11/11 v1.1 Expandable big integer calculations (HO)

("C:\Program Files\MiKTeX 2.8\tex\generic\oberdiek\pdftexcmds.sty"
Package: pdftexcmds 2009/09/23 v0.6 LuaTeX support for pdfTeX utility functions
 (HO)

("C:\Program Files\MiKTeX 2.8\tex\generic\oberdiek\ifluatex.sty"
Package: ifluatex 2009/04/17 v1.2 Provides the ifluatex switch (HO)
Package ifluatex Info: LuaTeX not detected.
)
("C:\Program Files\MiKTeX 2.8\tex\generic\oberdiek\ltxcmds.sty"
Package: ltxcmds 2009/08/05 v1.0 Some LaTeX kernel commands for general use (HO
)
)
Package pdftexcmds Info: LuaTeX not detected.
Package pdftexcmds Info: \pdf@primitive is available.
Package pdftexcmds Info: \pdf@ifprimitive is available.
)))
\Fld@menulength=\count121
\Field@Width=\dimen158
\Fld@charsize=\dimen159
\Field@toks=\toks21
Package hyperref Info: Hyper figures OFF on input line 4377.
Package hyperref Info: Link nesting OFF on input line 4382.
Package hyperref Info: Hyper index ON on input line 4385.
Package hyperref Info: backreferencing OFF on input line 4392.
Package hyperref Info: Link coloring OFF on input line 4397.
Package hyperref Info: Link coloring with OCG OFF on input line 4402.
Package hyperref Info: PDF/A mode OFF on input line 4407.

("C:\Program Files\MiKTeX 2.8\tex\generic\oberdiek\atbegshi.sty"
Package: atbegshi 2008/07/31 v1.9 At begin shipout hook (HO)
)

Package hyperref Warning: Option `pdfpagelabels' is turned off
(hyperref)                because \thepage is undefined.

Hyperref stopped early
)
*hyperref using default driver hdvips*
("C:\Program Files\MiKTeX 2.8\tex\latex\hyperref\hdvips.def"
File: hdvips.def 2009/10/19 v6.79b Hyperref driver for dvips

("C:\Program Files\MiKTeX 2.8\tex\latex\hyperref\pdfmark.def"
File: pdfmark.def 2009/10/19 v6.79b Hyperref definitions for pdfmark specials
\pdf@docset=\toks22
\pdf@box=\box39
\pdf@toks=\toks23
\pdf@defaulttoks=\toks24
\Fld@listcount=\count122
))
("C:\Program Files\MiKTeX 2.8\tex\latex\base\size11.clo"
File: size11.clo 2007/10/19 v1.4h Standard LaTeX file (size option)
)
("C:\Documents and Settings\A9610251\Application Data\MiKTeX\2.8\tex\latex\beam
er\base\beamerbasecompatibility.sty"
Package: beamerbasecompatibility 2007/01/28  (rcs-revision 1.63)
)
("C:\Documents and Settings\A9610251\Application Data\MiKTeX\2.8\tex\latex\beam
er\base\beamerbasefont.sty"
Package: beamerbasefont 2007/01/28  (rcs-revision 1.16)
)
("C:\Documents and Settings\A9610251\Application Data\MiKTeX\2.8\tex\latex\beam
er\base\beamerbasemisc.sty"
Package: beamerbasemisc 2007/01/28  (rcs-revision 1.24)
)
("C:\Documents and Settings\A9610251\Application Data\MiKTeX\2.8\tex\latex\beam
er\base\beamerbasetwoscreens.sty"
Package: beamerbasetwoscreens 2007/01/28  (rcs-revision 1.7)
)
("C:\Documents and Settings\A9610251\Application Data\MiKTeX\2.8\tex\latex\beam
er\base\beamerbaseoverlay.sty"
Package: beamerbaseoverlay 2007/01/28  (rcs-revision 1.50)
\beamer@argscount=\count123
\beamer@lastskipcover=\skip42
\beamer@trivlistdepth=\count124
)
("C:\Documents and Settings\A9610251\Application Data\MiKTeX\2.8\tex\latex\beam
er\base\beamerbasetitle.sty"
Package: beamerbasetitle 2007/01/28  (rcs-revision 1.25)
)
("C:\Documents and Settings\A9610251\Application Data\MiKTeX\2.8\tex\latex\beam
er\base\beamerbasesection.sty"
Package: beamerbasesection 2007/01/28  (rcs-revision 1.21)
\c@lecture=\count125
\c@part=\count126
\c@section=\count127
\c@subsection=\count128
\c@subsubsection=\count129
)
("C:\Documents and Settings\A9610251\Application Data\MiKTeX\2.8\tex\latex\beam
er\base\beamerbaseframe.sty"
Package: beamerbaseframe 2007/01/28  (rcs-revision 1.60)
\beamer@framebox=\box40
\beamer@frametitlebox=\box41
\beamer@zoombox=\box42
\beamer@zoomcount=\count130
\beamer@zoomframecount=\count131
\beamer@frametextheight=\dimen160
\c@subsectionslide=\count132
\beamer@frametopskip=\skip43
\beamer@framebottomskip=\skip44
\beamer@frametopskipautobreak=\skip45
\beamer@framebottomskipautobreak=\skip46
\beamer@envbody=\toks25
\c@framenumber=\count133
)
("C:\Documents and Settings\A9610251\Application Data\MiKTeX\2.8\tex\latex\beam
er\base\beamerbaseverbatim.sty"
Package: beamerbaseverbatim 2007/01/28  (rcs-revision 1.8)
\beamer@verbatimfileout=\write3
)
("C:\Documents and Settings\A9610251\Application Data\MiKTeX\2.8\tex\latex\beam
er\base\beamerbaseframesize.sty"
Package: beamerbaseframesize 2007/01/28  (rcs-revision 1.18)
\beamer@splitbox=\box43
\beamer@autobreakcount=\count134
\beamer@autobreaklastheight=\dimen161
\beamer@frametitletoks=\toks26
\beamer@framesubtitletoks=\toks27
)
("C:\Documents and Settings\A9610251\Application Data\MiKTeX\2.8\tex\latex\beam
er\base\beamerbaseframecomponents.sty"
Package: beamerbaseframecomponents 2007/01/28  (rcs-revision 1.41)
\beamer@footins=\box44
)
("C:\Documents and Settings\A9610251\Application Data\MiKTeX\2.8\tex\latex\beam
er\base\beamerbasecolor.sty"
Package: beamerbasecolor 2007/01/28  (rcs-revision 1.42)
)
("C:\Documents and Settings\A9610251\Application Data\MiKTeX\2.8\tex\latex\beam
er\base\beamerbasenotes.sty"
Package: beamerbasenotes 2007/01/28  (rcs-revision 1.23)
\beamer@frameboxcopy=\box45
)
("C:\Documents and Settings\A9610251\Application Data\MiKTeX\2.8\tex\latex\beam
er\base\beamerbasetoc.sty"
Package: beamerbasetoc 2007/01/28  (rcs-revision 1.21)
)
("C:\Documents and Settings\A9610251\Application Data\MiKTeX\2.8\tex\latex\beam
er\base\beamerbasetemplates.sty"
Package: beamerbasetemplates 2007/01/28  (rcs-revision 1.51)
\beamer@sbttoks=\toks28

("C:\Documents and Settings\A9610251\Application Data\MiKTeX\2.8\tex\latex\beam
er\base\beamerbaseauxtemplates.sty"
Package: beamerbaseauxtemplates 2007/01/28  (rcs-revision 1.28)

("C:\Documents and Settings\A9610251\Application Data\MiKTeX\2.8\tex\latex\beam
er\base\beamerbaseboxes.sty"
Package: beamerbaseboxes 2007/03/11  (rcs-revision 1.32)
\bmb@box=\box46
\bmb@colorbox=\box47
\bmb@boxshadow=\box48
\bmb@boxshadowball=\box49
\bmb@boxshadowballlarge=\box50
\bmb@temp=\dimen162
\bmb@dima=\dimen163
\bmb@dimb=\dimen164
\bmb@prevheight=\dimen165
)
\beamer@blockheadheight=\dimen166
))
("C:\Documents and Settings\A9610251\Application Data\MiKTeX\2.8\tex\latex\beam
er\base\beamerbaselocalstructure.sty"
Package: beamerbaselocalstructure 2007/01/28  (rcs-revision 1.53)

("C:\Program Files\MiKTeX 2.8\tex\latex\tools\enumerate.sty"
Package: enumerate 1999/03/05 v3.00 enumerate extensions (DPC)
\@enLab=\toks29
)
\c@figure=\count135
\c@table=\count136
\abovecaptionskip=\skip47
\belowcaptionskip=\skip48
)
("C:\Documents and Settings\A9610251\Application Data\MiKTeX\2.8\tex\latex\beam
er\base\beamerbasenavigation.sty"
Package: beamerbasenavigation 2007/01/28  (rcs-revision 1.36)
)
("C:\Documents and Settings\A9610251\Application Data\MiKTeX\2.8\tex\latex\beam
er\base\beamerbasetheorems.sty"
Package: beamerbasetheorems 2007/01/28  (rcs-revision 1.10)

("C:\Documents and Settings\A9610251\Application Data\MiKTeX\2.8\tex\latex\tran
slator\base\translator.sty"
Package: translator 2007/03/11 ver 1.00

("C:\Documents and Settings\A9610251\Application Data\MiKTeX\2.8\tex\latex\tran
slator\base\translator-language-mappings.tex"))
("C:\Program Files\MiKTeX 2.8\tex\latex\ams\math\amsmath.sty"
Package: amsmath 2000/07/18 v2.13 AMS math features
\@mathmargin=\skip49

For additional information on amsmath, use the `?' option.
("C:\Program Files\MiKTeX 2.8\tex\latex\ams\math\amstext.sty"
Package: amstext 2000/06/29 v2.01

("C:\Program Files\MiKTeX 2.8\tex\latex\ams\math\amsgen.sty"
File: amsgen.sty 1999/11/30 v2.0
\@emptytoks=\toks30
\ex@=\dimen167
))
("C:\Program Files\MiKTeX 2.8\tex\latex\ams\math\amsbsy.sty"
Package: amsbsy 1999/11/29 v1.2d
\pmbraise@=\dimen168
)
("C:\Program Files\MiKTeX 2.8\tex\latex\ams\math\amsopn.sty"
Package: amsopn 1999/12/14 v2.01 operator names
)
\inf@bad=\count137
LaTeX Info: Redefining \frac on input line 211.
\uproot@=\count138
\leftroot@=\count139
LaTeX Info: Redefining \overline on input line 307.
\classnum@=\count140
\DOTSCASE@=\count141
LaTeX Info: Redefining \ldots on input line 379.
LaTeX Info: Redefining \dots on input line 382.
LaTeX Info: Redefining \cdots on input line 467.
\Mathstrutbox@=\box51
\strutbox@=\box52
\big@size=\dimen169
LaTeX Font Info:    Redeclaring font encoding OML on input line 567.
LaTeX Font Info:    Redeclaring font encoding OMS on input line 568.
\macc@depth=\count142
\c@MaxMatrixCols=\count143
\dotsspace@=\muskip11
\c@parentequation=\count144
\dspbrk@lvl=\count145
\tag@help=\toks31
\row@=\count146
\column@=\count147
\maxfields@=\count148
\andhelp@=\toks32
\eqnshift@=\dimen170
\alignsep@=\dimen171
\tagshift@=\dimen172
\tagwidth@=\dimen173
\totwidth@=\dimen174
\lineht@=\dimen175
\@envbody=\toks33
\multlinegap=\skip50
\multlinetaggap=\skip51
\mathdisplay@stack=\toks34
LaTeX Info: Redefining \[ on input line 2666.
LaTeX Info: Redefining \] on input line 2667.
)
("C:\Program Files\MiKTeX 2.8\tex\latex\ams\classes\amsthm.sty"
Package: amsthm 2004/08/06 v2.20
\thm@style=\toks35
\thm@bodyfont=\toks36
\thm@headfont=\toks37
\thm@notefont=\toks38
\thm@headpunct=\toks39
\thm@preskip=\skip52
\thm@postskip=\skip53
\thm@headsep=\skip54
\dth@everypar=\toks40
)
\c@theorem=\count149
)
("C:\Documents and Settings\A9610251\Application Data\MiKTeX\2.8\tex\latex\beam
er\base\beamerbasethemes.sty"
Package: beamerbasethemes 2007/01/28  (rcs-revision 1.10)
)
("C:\Documents and Settings\A9610251\Application Data\MiKTeX\2.8\tex\latex\beam
er\themes\theme\beamerthemedefault.sty"
Package: beamerthemedefault 2007/01/28  (rcs-revision 1.7)

("C:\Documents and Settings\A9610251\Application Data\MiKTeX\2.8\tex\latex\beam
er\themes\font\beamerfontthemedefault.sty"
Package: beamerfontthemedefault 2007/01/28  (rcs-revision 1.13)
)
("C:\Documents and Settings\A9610251\Application Data\MiKTeX\2.8\tex\latex\beam
er\themes\color\beamercolorthemedefault.sty"
Package: beamercolorthemedefault 2007/01/28  (rcs-revision 1.28)
)
("C:\Documents and Settings\A9610251\Application Data\MiKTeX\2.8\tex\latex\beam
er\themes\inner\beamerinnerthemedefault.sty"
Package: beamerinnerthemedefault 2007/01/28  (rcs-revision 1.20)
\beamer@dima=\dimen176
\beamer@dimb=\dimen177
)
("C:\Documents and Settings\A9610251\Application Data\MiKTeX\2.8\tex\latex\beam
er\themes\outer\beamerouterthemedefault.sty"
Package: beamerouterthemedefault 2007/01/28  (rcs-revision 1.14)
)))
("C:\Program Files\MiKTeX 2.8\tex\latex\psnfss\mathpazo.sty"
Package: mathpazo 2005/04/12 PSNFSS-v9.2a Palatino w/ Pazo Math (D.Puga, WaS) 
\symupright=\mathgroup6
)
("C:\Documents and Settings\A9610251\Application Data\MiKTeX\2.8\tex\latex\beam
er\extensions\multimedia\multimedia.sty"
Package: multimedia 2004/04/10 ver 0.01
\mm@movie=\count150
)
("C:\Documents and Settings\A9610251\Application Data\MiKTeX\2.8\tex\latex\beam
er\themes\theme\beamerthemeCambridgeUS.sty"
Package: beamerthemeCambridgeUS 2007/01/28  (rcs-revision 1.2)

("C:\Documents and Settings\A9610251\Application Data\MiKTeX\2.8\tex\latex\beam
er\themes\inner\beamerinnerthemerounded.sty"
Package: beamerinnerthemerounded 2007/01/28  (rcs-revision 1.5)
)
("C:\Documents and Settings\A9610251\Application Data\MiKTeX\2.8\tex\latex\beam
er\themes\outer\beamerouterthemeinfolines.sty"
Package: beamerouterthemeinfolines 2007/01/28  (rcs-revision 1.9)
)
("C:\Documents and Settings\A9610251\Application Data\MiKTeX\2.8\tex\latex\beam
er\themes\color\beamercolorthemebeaver.sty"
Package: beamercolorthemebeaver 2007/01/28  (rcs-revision 1.2)
))
("D:\Data\A9610251\My Documents\Jotta_sync_lenovo\Dropbox\Google Drive\Jobb\Kro
nikker\Target-Loans\Seminar\Smallopenrisk_present.aux")
LaTeX Font Info:    Checking defaults for OML/cmm/m/it on input line 14.
LaTeX Font Info:    ... okay on input line 14.
LaTeX Font Info:    Checking defaults for T1/cmr/m/n on input line 14.
LaTeX Font Info:    ... okay on input line 14.
LaTeX Font Info:    Checking defaults for OT1/cmr/m/n on input line 14.
LaTeX Font Info:    ... okay on input line 14.
LaTeX Font Info:    Checking defaults for OMS/cmsy/m/n on input line 14.
LaTeX Font Info:    ... okay on input line 14.
LaTeX Font Info:    Checking defaults for OMX/cmex/m/n on input line 14.
LaTeX Font Info:    ... okay on input line 14.
LaTeX Font Info:    Checking defaults for U/cmr/m/n on input line 14.
LaTeX Font Info:    ... okay on input line 14.
LaTeX Font Info:    Checking defaults for PD1/pdf/m/n on input line 14.
LaTeX Font Info:    ... okay on input line 14.

*geometry auto-detecting driver*
*geometry detected driver: dvips*
-------------------- Geometry parameters
paper: user defined
landscape: --
twocolumn: --
twoside: --
asymmetric: --
h-parts: 10.95003pt, 342.2953pt, 10.95003pt
v-parts: 0.0pt, 273.14662pt, 0.0pt
hmarginratio: --
vmarginratio: --
lines: --
heightrounded: --
bindingoffset: 0.0pt
truedimen: --
includehead: true
includefoot: true
includemp: --
driver: dvips
-------------------- Page layout dimensions and switches
\paperwidth  364.19536pt
\paperheight 273.14662pt
\textwidth  342.2953pt
\textheight 244.6939pt
\oddsidemargin  -61.31996pt
\evensidemargin -61.31996pt
\topmargin  -72.26999pt
\headheight 14.22636pt
\headsep    0.0pt
\footskip   14.22636pt
\marginparwidth 4.0pt
\marginparsep   10.0pt
\columnsep  10.0pt
\skip\footins  10.0pt plus 4.0pt minus 2.0pt
\hoffset 0.0pt
\voffset 0.0pt
\mag 1000

(1in=72.27pt, 1cm=28.45pt)
-----------------------
Package hyperref Info: Link coloring OFF on input line 14.
("C:\Program Files\MiKTeX 2.8\tex\latex\hyperref\nameref.sty"
Package: nameref 2007/05/29 v2.31 Cross-referencing by name of section

("C:\Program Files\MiKTeX 2.8\tex\latex\oberdiek\refcount.sty"
Package: refcount 2008/08/11 v3.1 Data extraction from references (HO)
)
\c@section@level=\count151
)
LaTeX Info: Redefining \ref on input line 14.
LaTeX Info: Redefining \pageref on input line 14.

("D:\Data\A9610251\My Documents\Jotta_sync_lenovo\Dropbox\Google Drive\Jobb\Kro
nikker\Target-Loans\Seminar\Smallopenrisk_present.out")
("D:\Data\A9610251\My Documents\Jotta_sync_lenovo\Dropbox\Google Drive\Jobb\Kro
nikker\Target-Loans\Seminar\Smallopenrisk_present.out")
\@outlinefile=\write4
\AtBeginShipoutBox=\box53
LaTeX Font Info:    Overwriting symbol font `operators' in version `normal'
(Font)                  OT1/ppl/m/n --> OT1/cmss/m/n on input line 14.
LaTeX Font Info:    Overwriting symbol font `operators' in version `bold'
(Font)                  OT1/ppl/b/n --> OT1/cmss/bx/n on input line 14.
\symnumbers=\mathgroup7
\sympureletters=\mathgroup8
LaTeX Font Info:    Overwriting math alphabet `\mathrm' in version `normal'
(Font)                  OT1/cmss/m/n --> OT1/ppl/m/n on input line 14.
LaTeX Font Info:    Redeclaring math alphabet \mathbf on input line 14.
LaTeX Font Info:    Overwriting math alphabet `\mathbf' in version `normal'
(Font)                  OT1/zplm/b/n --> OT1/cmss/bx/n on input line 14.
LaTeX Font Info:    Overwriting math alphabet `\mathbf' in version `bold'
(Font)                  OT1/zplm/b/n --> OT1/cmss/bx/n on input line 14.
LaTeX Font Info:    Redeclaring math alphabet \mathsf on input line 14.
LaTeX Font Info:    Overwriting math alphabet `\mathsf' in version `normal'
(Font)                  OT1/cmss/m/n --> OT1/cmss/m/n on input line 14.
LaTeX Font Info:    Overwriting math alphabet `\mathsf' in version `bold'
(Font)                  OT1/cmss/bx/n --> OT1/cmss/m/n on input line 14.
LaTeX Font Info:    Redeclaring math alphabet \mathit on input line 14.
LaTeX Font Info:    Overwriting math alphabet `\mathit' in version `normal'
(Font)                  OT1/ppl/m/it --> OT1/cmss/m/it on input line 14.
LaTeX Font Info:    Overwriting math alphabet `\mathit' in version `bold'
(Font)                  OT1/ppl/b/it --> OT1/cmss/m/it on input line 14.
LaTeX Font Info:    Redeclaring math alphabet \mathtt on input line 14.
LaTeX Font Info:    Overwriting math alphabet `\mathtt' in version `normal'
(Font)                  OT1/cmtt/m/n --> OT1/cmtt/m/n on input line 14.
LaTeX Font Info:    Overwriting math alphabet `\mathtt' in version `bold'
(Font)                  OT1/cmtt/m/n --> OT1/cmtt/m/n on input line 14.
LaTeX Font Info:    Overwriting symbol font `numbers' in version `bold'
(Font)                  OT1/cmss/m/n --> OT1/cmss/bx/n on input line 14.
LaTeX Font Info:    Overwriting symbol font `pureletters' in version `bold'
(Font)                  OT1/cmss/m/it --> OT1/cmss/bx/it on input line 14.
LaTeX Font Info:    Overwriting math alphabet `\mathrm' in version `bold'
(Font)                  OT1/cmss/bx/n --> OT1/ppl/bx/n on input line 14.
LaTeX Font Info:    Overwriting math alphabet `\mathbf' in version `bold'
(Font)                  OT1/cmss/bx/n --> OT1/cmss/bx/n on input line 14.
LaTeX Font Info:    Overwriting math alphabet `\mathsf' in version `bold'
(Font)                  OT1/cmss/m/n --> OT1/cmss/bx/n on input line 14.
LaTeX Font Info:    Overwriting math alphabet `\mathit' in version `bold'
(Font)                  OT1/cmss/m/it --> OT1/cmss/bx/it on input line 14.
LaTeX Font Info:    Overwriting math alphabet `\mathtt' in version `bold'
(Font)                  OT1/cmtt/m/n --> OT1/cmtt/bx/n on input line 14.

("C:\Documents and Settings\A9610251\Application Data\MiKTeX\2.8\tex\latex\tran
slator\dicts\theorem\translator-theorem-dictionary-English.dict"
Dictionary: translator-theorem-dictionary, Language: English 
)
("D:\Data\A9610251\My Documents\Jotta_sync_lenovo\Dropbox\Google Drive\Jobb\Kro
nikker\Target-Loans\Seminar\Smallopenrisk_present.nav")

Package hyperref Warning: Option `pdfauthor' has already been used,
(hyperref)                setting the option has no effect on input line 16.

LaTeX Font Info:    Try loading font information for OML+zplm on input line 19.

("C:\Program Files\MiKTeX 2.8\tex\latex\psnfss\omlzplm.fd"
File: omlzplm.fd 2002/09/08 Fontinst v1.914 font definitions for OML/zplm.
)
LaTeX Font Info:    Try loading font information for OMS+zplm on input line 19.


("C:\Program Files\MiKTeX 2.8\tex\latex\psnfss\omszplm.fd"
File: omszplm.fd 2002/09/08 Fontinst v1.914 font definitions for OMS/zplm.
)
LaTeX Font Info:    Try loading font information for OMX+zplm on input line 19.


("C:\Program Files\MiKTeX 2.8\tex\latex\psnfss\omxzplm.fd"
File: omxzplm.fd 2002/09/08 Fontinst v1.914 font definitions for OMX/zplm.
)
LaTeX Font Info:    Font shape `U/msa/m/n' will be
(Font)              scaled to size 11.40997pt on input line 19.
LaTeX Font Info:    Font shape `U/msa/m/n' will be
(Font)              scaled to size 8.33606pt on input line 19.
LaTeX Font Info:    Font shape `U/msa/m/n' will be
(Font)              scaled to size 6.25204pt on input line 19.
LaTeX Font Info:    Font shape `U/msb/m/n' will be
(Font)              scaled to size 11.40997pt on input line 19.
LaTeX Font Info:    Font shape `U/msb/m/n' will be
(Font)              scaled to size 8.33606pt on input line 19.
LaTeX Font Info:    Font shape `U/msb/m/n' will be
(Font)              scaled to size 6.25204pt on input line 19.
LaTeX Font Info:    Try loading font information for OT1+zplm on input line 19.


("C:\Program Files\MiKTeX 2.8\tex\latex\psnfss\ot1zplm.fd"
File: ot1zplm.fd 2002/09/08 Fontinst v1.914 font definitions for OT1/zplm.
)

LaTeX Font Warning: Font shape `OT1/cmss/m/n' in size <4> not available
(Font)              size <5> substituted on input line 19.

[1

]

LaTeX Warning: Citation `de2012economics' on page 2 undefined on input line 37.


[2

]

LaTeX Warning: Citation `smets2010shocks' on page 3 undefined on input line 38.


File: beamericonarticle.eps Graphic file (type eps)
<beamericonarticle.eps>
File: beamericonarticle.eps Graphic file (type eps)
 <beamericonarticle.eps> [3

]
\tf@nav=\write5
\tf@toc=\write6
\tf@snm=\write7

("D:\Data\A9610251\My Documents\Jotta_sync_lenovo\Dropbox\Google Drive\Jobb\Kro
nikker\Target-Loans\Seminar\Smallopenrisk_present.aux")

LaTeX Font Warning: Size substitutions with differences
(Font)              up to 1.0pt have occurred.


LaTeX Warning: There were undefined references.


LaTeX Warning: Label(s) may have changed. Rerun to get cross-references right.

 ) 
Here is how much of TeX's memory you used:
 12545 strings out of 495212
 234798 string characters out of 3179067
 314419 words of memory out of 3000000
 15422 multiletter control sequences out of 15000+200000
 13016 words of font info for 44 fonts, out of 3000000 for 9000
 59 hyphenation exceptions out of 8191
 45i,16n,57p,371b,549s stack positions out of 5000i,500n,10000p,200000b,50000s

Output written on Smallopenrisk_present.dvi (3 pages, 45708 bytes).
